<?xml version="1.0" encoding="UTF-8"?>
<!-- Generated by org.testng.reporters.JUnitReportReporter -->
<testsuite hostname="LAPTOP-CLK9FUQ7" failures="0" tests="1" name="functionality.SwabFun" time="7.896" errors="0" timestamp="2023-09-17T12:57:12 IST" skipped="0">
  <testcase classname="functionality.SwabFun" name="funality" time="7.896"/>
</testsuite> <!-- functionality.SwabFun -->
