<?xml version="1.0" encoding="UTF-8"?>
<!-- Generated by org.testng.reporters.JUnitReportReporter -->
<testsuite hostname="LAPTOP-CLK9FUQ7" failures="0" tests="1" name="functionality.LoginFunc" time="9.976" errors="0" timestamp="2023-09-16T19:11:51 IST" skipped="0">
  <testcase classname="functionality.LoginFunc" name="login" time="9.976"/>
</testsuite> <!-- functionality.LoginFunc -->
